[1.275s] Invoking command in '/home/oem/repos/Robotics/build/my_robot_controller': PYTHONPATH=/home/oem/repos/Robotics/build/my_robot_controller/prefix_override:/home/oem/repos/Robotics/install/my_robot_controller/lib/python3.10/site-packages:${PYTHONPATH} /usr/bin/python3 -W ignore:setup.py install is deprecated setup.py develop --editable --build-directory /home/oem/repos/Robotics/build/my_robot_controller/build --no-deps symlink_data --force
[1.786s] running develop
[1.787s] /home/oem/.local/lib/python3.10/site-packages/setuptools/command/develop.py:40: EasyInstallDeprecationWarning: easy_install command is deprecated.
[1.787s] !!
[1.787s] 
[1.787s]         ********************************************************************************
[1.787s]         Please avoid running ``setup.py`` and ``easy_install``.
[1.788s]         Instead, use pypa/build, pypa/installer or other
[1.788s]         standards-based tools.
[1.788s] 
[1.788s]         See https://github.com/pypa/setuptools/issues/917 for details.
[1.788s]         ********************************************************************************
[1.788s] 
[1.789s] !!
[1.789s]   easy_install.initialize_options(self)
[2.184s] running egg_info
[2.222s] writing my_robot_controller.egg-info/PKG-INFO
[2.223s] writing dependency_links to my_robot_controller.egg-info/dependency_links.txt
[2.224s] writing entry points to my_robot_controller.egg-info/entry_points.txt
[2.224s] writing requirements to my_robot_controller.egg-info/requires.txt
[2.224s] writing top-level names to my_robot_controller.egg-info/top_level.txt
[2.286s] reading manifest file 'my_robot_controller.egg-info/SOURCES.txt'
[2.287s] writing manifest file 'my_robot_controller.egg-info/SOURCES.txt'
[2.318s] running build_ext
[2.318s] Creating /home/oem/repos/Robotics/install/my_robot_controller/lib/python3.10/site-packages/my-robot-controller.egg-link (link to .)
[2.319s] Installing draw_circle script to /home/oem/repos/Robotics/install/my_robot_controller/lib/my_robot_controller
[2.320s] Installing test_node script to /home/oem/repos/Robotics/install/my_robot_controller/lib/my_robot_controller
[2.320s] 
[2.320s] Installed /home/oem/repos/Robotics/build/my_robot_controller
[2.320s] running symlink_data
[2.321s] symbolically linking /home/oem/repos/Robotics/build/my_robot_controller/resource/my_robot_controller -> /home/oem/repos/Robotics/install/my_robot_controller/share/ament_index/resource_index/packages
[2.321s] symbolically linking /home/oem/repos/Robotics/build/my_robot_controller/package.xml -> /home/oem/repos/Robotics/install/my_robot_controller/share/my_robot_controller
[2.372s] Invoked command in '/home/oem/repos/Robotics/build/my_robot_controller' returned '0': PYTHONPATH=/home/oem/repos/Robotics/build/my_robot_controller/prefix_override:/home/oem/repos/Robotics/install/my_robot_controller/lib/python3.10/site-packages:${PYTHONPATH} /usr/bin/python3 -W ignore:setup.py install is deprecated setup.py develop --editable --build-directory /home/oem/repos/Robotics/build/my_robot_controller/build --no-deps symlink_data --force
