[1.236s] Invoking command in '/home/oem/repos/Robotics/src/my_robot_controller': PYTHONPATH=/home/oem/repos/Robotics/build/my_robot_controller/prefix_override:/home/oem/repos/Robotics/install/my_robot_controller/lib/python3.10/site-packages:${PYTHONPATH} /usr/bin/python3 -W ignore:setup.py install is deprecated setup.py egg_info --egg-base ../../build/my_robot_controller build --build-base /home/oem/repos/Robotics/build/my_robot_controller/build install --record /home/oem/repos/Robotics/build/my_robot_controller/install.log --single-version-externally-managed install_data
[1.588s] running egg_info
[1.616s] writing ../../build/my_robot_controller/my_robot_controller.egg-info/PKG-INFO
[1.616s] writing dependency_links to ../../build/my_robot_controller/my_robot_controller.egg-info/dependency_links.txt
[1.616s] writing entry points to ../../build/my_robot_controller/my_robot_controller.egg-info/entry_points.txt
[1.617s] writing requirements to ../../build/my_robot_controller/my_robot_controller.egg-info/requires.txt
[1.617s] writing top-level names to ../../build/my_robot_controller/my_robot_controller.egg-info/top_level.txt
[1.675s] reading manifest file '../../build/my_robot_controller/my_robot_controller.egg-info/SOURCES.txt'
[1.676s] writing manifest file '../../build/my_robot_controller/my_robot_controller.egg-info/SOURCES.txt'
[1.676s] running build
[1.676s] running build_py
[1.677s] copying my_robot_controller/my_first_node.py -> /home/oem/repos/Robotics/build/my_robot_controller/build/lib/my_robot_controller
[1.677s] copying my_robot_controller/__init__.py -> /home/oem/repos/Robotics/build/my_robot_controller/build/lib/my_robot_controller
[1.677s] running install
[1.686s] running install_lib
[1.714s] running install_data
[1.714s] copying resource/my_robot_controller -> /home/oem/repos/Robotics/install/my_robot_controller/share/ament_index/resource_index/packages
[1.715s] copying package.xml -> /home/oem/repos/Robotics/install/my_robot_controller/share/my_robot_controller
[1.715s] running install_egg_info
[1.747s] removing '/home/oem/repos/Robotics/install/my_robot_controller/lib/python3.10/site-packages/my_robot_controller-0.0.0-py3.10.egg-info' (and everything under it)
[1.747s] Copying ../../build/my_robot_controller/my_robot_controller.egg-info to /home/oem/repos/Robotics/install/my_robot_controller/lib/python3.10/site-packages/my_robot_controller-0.0.0-py3.10.egg-info
[1.749s] running install_scripts
[1.992s] Installing tes_node script to /home/oem/repos/Robotics/install/my_robot_controller/lib/my_robot_controller
[1.993s] writing list of installed files to '/home/oem/repos/Robotics/build/my_robot_controller/install.log'
[2.032s] Invoked command in '/home/oem/repos/Robotics/src/my_robot_controller' returned '0': PYTHONPATH=/home/oem/repos/Robotics/build/my_robot_controller/prefix_override:/home/oem/repos/Robotics/install/my_robot_controller/lib/python3.10/site-packages:${PYTHONPATH} /usr/bin/python3 -W ignore:setup.py install is deprecated setup.py egg_info --egg-base ../../build/my_robot_controller build --build-base /home/oem/repos/Robotics/build/my_robot_controller/build install --record /home/oem/repos/Robotics/build/my_robot_controller/install.log --single-version-externally-managed install_data
