[1.262s] Invoking command in '/home/oem/repos/Robotics/src/build/my_robot_controller': PYTHONPATH=/home/oem/repos/Robotics/src/build/my_robot_controller/prefix_override:/home/oem/repos/Robotics/src/install/my_robot_controller/lib/python3.10/site-packages:${PYTHONPATH} /usr/bin/python3 -W ignore:setup.py install is deprecated setup.py develop --editable --build-directory /home/oem/repos/Robotics/src/build/my_robot_controller/build --no-deps symlink_data
[1.773s] running develop
[1.773s] /home/oem/.local/lib/python3.10/site-packages/setuptools/command/develop.py:40: EasyInstallDeprecationWarning: easy_install command is deprecated.
[1.773s] !!
[1.773s] 
[1.774s]         ********************************************************************************
[1.774s]         Please avoid running ``setup.py`` and ``easy_install``.
[1.774s]         Instead, use pypa/build, pypa/installer or other
[1.774s]         standards-based tools.
[1.774s] 
[1.774s]         See https://github.com/pypa/setuptools/issues/917 for details.
[1.774s]         ********************************************************************************
[1.775s] 
[1.775s] !!
[1.775s]   easy_install.initialize_options(self)
[2.169s] running egg_info
[2.209s] writing my_robot_controller.egg-info/PKG-INFO
[2.210s] writing dependency_links to my_robot_controller.egg-info/dependency_links.txt
[2.211s] writing entry points to my_robot_controller.egg-info/entry_points.txt
[2.211s] writing requirements to my_robot_controller.egg-info/requires.txt
[2.211s] writing top-level names to my_robot_controller.egg-info/top_level.txt
[2.272s] reading manifest file 'my_robot_controller.egg-info/SOURCES.txt'
[2.273s] writing manifest file 'my_robot_controller.egg-info/SOURCES.txt'
[2.304s] running build_ext
[2.304s] Creating /home/oem/repos/Robotics/src/install/my_robot_controller/lib/python3.10/site-packages/my-robot-controller.egg-link (link to .)
[2.305s] Installing draw_circle script to /home/oem/repos/Robotics/src/install/my_robot_controller/lib/my_robot_controller
[2.306s] Installing test_node script to /home/oem/repos/Robotics/src/install/my_robot_controller/lib/my_robot_controller
[2.306s] 
[2.306s] Installed /home/oem/repos/Robotics/src/build/my_robot_controller
[2.307s] running symlink_data
[2.360s] Invoked command in '/home/oem/repos/Robotics/src/build/my_robot_controller' returned '0': PYTHONPATH=/home/oem/repos/Robotics/src/build/my_robot_controller/prefix_override:/home/oem/repos/Robotics/src/install/my_robot_controller/lib/python3.10/site-packages:${PYTHONPATH} /usr/bin/python3 -W ignore:setup.py install is deprecated setup.py develop --editable --build-directory /home/oem/repos/Robotics/src/build/my_robot_controller/build --no-deps symlink_data
