[1.409s] Invoking command in '/home/oem/repos/Robotics/src/my_robot_controller': PYTHONPATH=/home/oem/repos/Robotics/build/my_robot_controller/prefix_override:/home/oem/repos/Robotics/install/my_robot_controller/lib/python3.10/site-packages:${PYTHONPATH} /usr/bin/python3 -W ignore:setup.py install is deprecated setup.py egg_info --egg-base ../../build/my_robot_controller build --build-base /home/oem/repos/Robotics/build/my_robot_controller/build install --record /home/oem/repos/Robotics/build/my_robot_controller/install.log --single-version-externally-managed install_data
[1.771s] running egg_info
[1.799s] writing ../../build/my_robot_controller/my_robot_controller.egg-info/PKG-INFO
[1.800s] writing dependency_links to ../../build/my_robot_controller/my_robot_controller.egg-info/dependency_links.txt
[1.800s] writing entry points to ../../build/my_robot_controller/my_robot_controller.egg-info/entry_points.txt
[1.800s] writing requirements to ../../build/my_robot_controller/my_robot_controller.egg-info/requires.txt
[1.801s] writing top-level names to ../../build/my_robot_controller/my_robot_controller.egg-info/top_level.txt
[1.860s] reading manifest file '../../build/my_robot_controller/my_robot_controller.egg-info/SOURCES.txt'
[1.887s] writing manifest file '../../build/my_robot_controller/my_robot_controller.egg-info/SOURCES.txt'
[1.887s] running build
[1.888s] running build_py
[1.888s] copying my_robot_controller/my_first_node.py -> /home/oem/repos/Robotics/build/my_robot_controller/build/lib/my_robot_controller
[1.888s] copying my_robot_controller/__init__.py -> /home/oem/repos/Robotics/build/my_robot_controller/build/lib/my_robot_controller
[1.889s] running install
[1.895s] running install_lib
[1.925s] copying /home/oem/repos/Robotics/build/my_robot_controller/build/lib/my_robot_controller/my_first_node.py -> /home/oem/repos/Robotics/install/my_robot_controller/lib/python3.10/site-packages/my_robot_controller
[1.925s] byte-compiling /home/oem/repos/Robotics/install/my_robot_controller/lib/python3.10/site-packages/my_robot_controller/my_first_node.py to my_first_node.cpython-310.pyc
[1.926s] running install_data
[1.926s] copying resource/my_robot_controller -> /home/oem/repos/Robotics/install/my_robot_controller/share/ament_index/resource_index/packages
[1.926s] copying package.xml -> /home/oem/repos/Robotics/install/my_robot_controller/share/my_robot_controller
[1.927s] running install_egg_info
[1.958s] removing '/home/oem/repos/Robotics/install/my_robot_controller/lib/python3.10/site-packages/my_robot_controller-0.0.0-py3.10.egg-info' (and everything under it)
[1.958s] Copying ../../build/my_robot_controller/my_robot_controller.egg-info to /home/oem/repos/Robotics/install/my_robot_controller/lib/python3.10/site-packages/my_robot_controller-0.0.0-py3.10.egg-info
[1.960s] running install_scripts
[2.206s] Installing tes_node script to /home/oem/repos/Robotics/install/my_robot_controller/lib/my_robot_controller
[2.207s] writing list of installed files to '/home/oem/repos/Robotics/build/my_robot_controller/install.log'
[2.248s] Invoked command in '/home/oem/repos/Robotics/src/my_robot_controller' returned '0': PYTHONPATH=/home/oem/repos/Robotics/build/my_robot_controller/prefix_override:/home/oem/repos/Robotics/install/my_robot_controller/lib/python3.10/site-packages:${PYTHONPATH} /usr/bin/python3 -W ignore:setup.py install is deprecated setup.py egg_info --egg-base ../../build/my_robot_controller build --build-base /home/oem/repos/Robotics/build/my_robot_controller/build install --record /home/oem/repos/Robotics/build/my_robot_controller/install.log --single-version-externally-managed install_data
