[1.736s] Invoking command in '/home/oem/repos/Robotics/src/my_robot_controller': PYTHONPATH=/home/oem/repos/Robotics/build/my_robot_controller/prefix_override:/home/oem/repos/Robotics/install/my_robot_controller/lib/python3.10/site-packages:${PYTHONPATH} /usr/bin/python3 -W ignore:setup.py install is deprecated setup.py egg_info --egg-base ../../build/my_robot_controller build --build-base /home/oem/repos/Robotics/build/my_robot_controller/build install --record /home/oem/repos/Robotics/build/my_robot_controller/install.log --single-version-externally-managed install_data
[2.113s] running egg_info
[2.144s] writing ../../build/my_robot_controller/my_robot_controller.egg-info/PKG-INFO
[2.144s] writing dependency_links to ../../build/my_robot_controller/my_robot_controller.egg-info/dependency_links.txt
[2.145s] writing requirements to ../../build/my_robot_controller/my_robot_controller.egg-info/requires.txt
[2.145s] writing top-level names to ../../build/my_robot_controller/my_robot_controller.egg-info/top_level.txt
[2.204s] reading manifest file '../../build/my_robot_controller/my_robot_controller.egg-info/SOURCES.txt'
[2.206s] writing manifest file '../../build/my_robot_controller/my_robot_controller.egg-info/SOURCES.txt'
[2.206s] running build
[2.206s] running build_py
[2.206s] copying my_robot_controller/__init__.py -> /home/oem/repos/Robotics/build/my_robot_controller/build/lib/my_robot_controller
[2.207s] running install
[2.214s] running install_lib
[2.245s] running install_data
[2.245s] copying resource/my_robot_controller -> /home/oem/repos/Robotics/install/my_robot_controller/share/ament_index/resource_index/packages
[2.246s] copying package.xml -> /home/oem/repos/Robotics/install/my_robot_controller/share/my_robot_controller
[2.246s] running install_egg_info
[2.279s] removing '/home/oem/repos/Robotics/install/my_robot_controller/lib/python3.10/site-packages/my_robot_controller-0.0.0-py3.10.egg-info' (and everything under it)
[2.279s] Copying ../../build/my_robot_controller/my_robot_controller.egg-info to /home/oem/repos/Robotics/install/my_robot_controller/lib/python3.10/site-packages/my_robot_controller-0.0.0-py3.10.egg-info
[2.281s] running install_scripts
[2.541s] writing list of installed files to '/home/oem/repos/Robotics/build/my_robot_controller/install.log'
[2.577s] Invoked command in '/home/oem/repos/Robotics/src/my_robot_controller' returned '0': PYTHONPATH=/home/oem/repos/Robotics/build/my_robot_controller/prefix_override:/home/oem/repos/Robotics/install/my_robot_controller/lib/python3.10/site-packages:${PYTHONPATH} /usr/bin/python3 -W ignore:setup.py install is deprecated setup.py egg_info --egg-base ../../build/my_robot_controller build --build-base /home/oem/repos/Robotics/build/my_robot_controller/build install --record /home/oem/repos/Robotics/build/my_robot_controller/install.log --single-version-externally-managed install_data
