[0.332s] DEBUG:colcon:Command line arguments: ['/usr/bin/colcon', 'list', '-p', '--base-paths', '/home/oem/repos/Robotics']
[0.332s] DEBUG:colcon:Parsed command line arguments: Namespace(log_base=None, log_level=None, verb_name='list', build_base='build', ignore_user_meta=False, metas=['./colcon.meta'], base_paths=['/home/oem/repos/Robotics'], packages_ignore=None, packages_ignore_regex=None, paths=None, packages_up_to=None, packages_up_to_regex=None, packages_above=None, packages_above_and_dependencies=None, packages_above_depth=None, packages_select_by_dep=None, packages_skip_by_dep=None, packages_skip_up_to=None, packages_select_build_failed=False, packages_skip_build_finished=False, packages_select_test_failures=False, packages_skip_test_passed=False, packages_select=None, packages_skip=None, packages_select_regex=None, packages_skip_regex=None, packages_start=None, packages_end=None, allow_overriding=[], topological_order=False, names_only=False, paths_only=True, topological_graph=False, topological_graph_dot=False, topological_graph_density=False, topological_graph_legend=False, topological_graph_dot_cluster=False, topological_graph_dot_include_skipped=False, verb_parser=<colcon_defaults.argument_parser.defaults.DefaultArgumentsDecorator object at 0x73e8eb631c00>, verb_extension=<colcon_package_information.verb.list.ListVerb object at 0x73e8eb6300a0>, main=<bound method ListVerb.main of <colcon_package_information.verb.list.ListVerb object at 0x73e8eb6300a0>>)
[0.437s] Level 1:colcon.colcon_core.package_discovery:discover_packages(colcon_meta) check parameters
[0.437s] Level 1:colcon.colcon_core.package_discovery:discover_packages(recursive) check parameters
[0.437s] Level 1:colcon.colcon_core.package_discovery:discover_packages(ignore) check parameters
[0.437s] Level 1:colcon.colcon_core.package_discovery:discover_packages(path) check parameters
[0.437s] Level 1:colcon.colcon_core.package_discovery:discover_packages(recursive) discover
[0.437s] INFO:colcon.colcon_core.package_discovery:Crawling recursively for packages in '/home/oem/repos/Robotics'
[0.438s] Level 1:colcon.colcon_core.package_identification:_identify(/home/oem/repos/Robotics) by extensions ['ignore', 'ignore_ament_install']
[0.438s] Level 1:colcon.colcon_core.package_identification:_identify(/home/oem/repos/Robotics) by extension 'ignore'
[0.438s] Level 1:colcon.colcon_core.package_identification:_identify(/home/oem/repos/Robotics) by extension 'ignore_ament_install'
[0.438s] Level 1:colcon.colcon_core.package_identification:_identify(/home/oem/repos/Robotics) by extensions ['colcon_pkg']
[0.438s] Level 1:colcon.colcon_core.package_identification:_identify(/home/oem/repos/Robotics) by extension 'colcon_pkg'
[0.438s] Level 1:colcon.colcon_core.package_identification:_identify(/home/oem/repos/Robotics) by extensions ['colcon_meta']
[0.438s] Level 1:colcon.colcon_core.package_identification:_identify(/home/oem/repos/Robotics) by extension 'colcon_meta'
[0.439s] Level 1:colcon.colcon_core.package_identification:_identify(/home/oem/repos/Robotics) by extensions ['ros']
[0.439s] Level 1:colcon.colcon_core.package_identification:_identify(/home/oem/repos/Robotics) by extension 'ros'
[0.473s] Level 1:colcon.colcon_core.package_identification:_identify(/home/oem/repos/Robotics) by extensions ['cmake', 'python']
[0.473s] Level 1:colcon.colcon_core.package_identification:_identify(/home/oem/repos/Robotics) by extension 'cmake'
[0.473s] Level 1:colcon.colcon_core.package_identification:_identify(/home/oem/repos/Robotics) by extension 'python'
[0.473s] Level 1:colcon.colcon_core.package_identification:_identify(/home/oem/repos/Robotics) by extensions ['python_setup_py']
[0.473s] Level 1:colcon.colcon_core.package_identification:_identify(/home/oem/repos/Robotics) by extension 'python_setup_py'
[0.474s] Level 1:colcon.colcon_core.package_identification:_identify(/home/oem/repos/Robotics/build) by extensions ['ignore', 'ignore_ament_install']
[0.474s] Level 1:colcon.colcon_core.package_identification:_identify(/home/oem/repos/Robotics/build) by extension 'ignore'
[0.474s] Level 1:colcon.colcon_core.package_identification:_identify(/home/oem/repos/Robotics/build) ignored
[0.474s] Level 1:colcon.colcon_core.package_identification:_identify(/home/oem/repos/Robotics/install) by extensions ['ignore', 'ignore_ament_install']
[0.475s] Level 1:colcon.colcon_core.package_identification:_identify(/home/oem/repos/Robotics/install) by extension 'ignore'
[0.475s] Level 1:colcon.colcon_core.package_identification:_identify(/home/oem/repos/Robotics/install) ignored
[0.475s] Level 1:colcon.colcon_core.package_identification:_identify(/home/oem/repos/Robotics/log) by extensions ['ignore', 'ignore_ament_install']
[0.475s] Level 1:colcon.colcon_core.package_identification:_identify(/home/oem/repos/Robotics/log) by extension 'ignore'
[0.475s] Level 1:colcon.colcon_core.package_identification:_identify(/home/oem/repos/Robotics/log) ignored
[0.475s] Level 1:colcon.colcon_core.package_identification:_identify(/home/oem/repos/Robotics/src) by extensions ['ignore', 'ignore_ament_install']
[0.476s] Level 1:colcon.colcon_core.package_identification:_identify(/home/oem/repos/Robotics/src) by extension 'ignore'
[0.476s] Level 1:colcon.colcon_core.package_identification:_identify(/home/oem/repos/Robotics/src) by extension 'ignore_ament_install'
[0.476s] Level 1:colcon.colcon_core.package_identification:_identify(/home/oem/repos/Robotics/src) by extensions ['colcon_pkg']
[0.476s] Level 1:colcon.colcon_core.package_identification:_identify(/home/oem/repos/Robotics/src) by extension 'colcon_pkg'
[0.476s] Level 1:colcon.colcon_core.package_identification:_identify(/home/oem/repos/Robotics/src) by extensions ['colcon_meta']
[0.476s] Level 1:colcon.colcon_core.package_identification:_identify(/home/oem/repos/Robotics/src) by extension 'colcon_meta'
[0.476s] Level 1:colcon.colcon_core.package_identification:_identify(/home/oem/repos/Robotics/src) by extensions ['ros']
[0.476s] Level 1:colcon.colcon_core.package_identification:_identify(/home/oem/repos/Robotics/src) by extension 'ros'
[0.477s] Level 1:colcon.colcon_core.package_identification:_identify(/home/oem/repos/Robotics/src) by extensions ['cmake', 'python']
[0.477s] Level 1:colcon.colcon_core.package_identification:_identify(/home/oem/repos/Robotics/src) by extension 'cmake'
[0.477s] Level 1:colcon.colcon_core.package_identification:_identify(/home/oem/repos/Robotics/src) by extension 'python'
[0.477s] Level 1:colcon.colcon_core.package_identification:_identify(/home/oem/repos/Robotics/src) by extensions ['python_setup_py']
[0.477s] Level 1:colcon.colcon_core.package_identification:_identify(/home/oem/repos/Robotics/src) by extension 'python_setup_py'
[0.477s] Level 1:colcon.colcon_core.package_identification:_identify(/home/oem/repos/Robotics/src/my_robot_controller) by extensions ['ignore', 'ignore_ament_install']
[0.477s] Level 1:colcon.colcon_core.package_identification:_identify(/home/oem/repos/Robotics/src/my_robot_controller) by extension 'ignore'
[0.478s] Level 1:colcon.colcon_core.package_identification:_identify(/home/oem/repos/Robotics/src/my_robot_controller) by extension 'ignore_ament_install'
[0.478s] Level 1:colcon.colcon_core.package_identification:_identify(/home/oem/repos/Robotics/src/my_robot_controller) by extensions ['colcon_pkg']
[0.478s] Level 1:colcon.colcon_core.package_identification:_identify(/home/oem/repos/Robotics/src/my_robot_controller) by extension 'colcon_pkg'
[0.478s] Level 1:colcon.colcon_core.package_identification:_identify(/home/oem/repos/Robotics/src/my_robot_controller) by extensions ['colcon_meta']
[0.478s] Level 1:colcon.colcon_core.package_identification:_identify(/home/oem/repos/Robotics/src/my_robot_controller) by extension 'colcon_meta'
[0.478s] Level 1:colcon.colcon_core.package_identification:_identify(/home/oem/repos/Robotics/src/my_robot_controller) by extensions ['ros']
[0.478s] Level 1:colcon.colcon_core.package_identification:_identify(/home/oem/repos/Robotics/src/my_robot_controller) by extension 'ros'
[0.483s] DEBUG:colcon.colcon_core.package_identification:Package '/home/oem/repos/Robotics/src/my_robot_controller' with type 'ros.ament_python' and name 'my_robot_controller'
[0.484s] Level 1:colcon.colcon_core.package_discovery:discover_packages(recursive) using defaults
