[1.238s] Invoking command in '/home/oem/repos/Robotics/build/my_robot_controller': PYTHONPATH=/home/oem/repos/Robotics/build/my_robot_controller/prefix_override:/home/oem/repos/Robotics/install/my_robot_controller/lib/python3.10/site-packages:${PYTHONPATH} /usr/bin/python3 -W ignore:setup.py install is deprecated setup.py develop --editable --build-directory /home/oem/repos/Robotics/build/my_robot_controller/build --no-deps symlink_data
[1.740s] running develop
[1.740s] /home/oem/.local/lib/python3.10/site-packages/setuptools/command/develop.py:40: EasyInstallDeprecationWarning: easy_install command is deprecated.
[1.740s] !!
[1.740s] 
[1.740s]         ********************************************************************************
[1.740s]         Please avoid running ``setup.py`` and ``easy_install``.
[1.741s]         Instead, use pypa/build, pypa/installer or other
[1.741s]         standards-based tools.
[1.741s] 
[1.741s]         See https://github.com/pypa/setuptools/issues/917 for details.
[1.741s]         ********************************************************************************
[1.741s] 
[1.741s] !!
[1.741s]   easy_install.initialize_options(self)
[2.136s] running egg_info
[2.179s] writing my_robot_controller.egg-info/PKG-INFO
[2.179s] writing dependency_links to my_robot_controller.egg-info/dependency_links.txt
[2.180s] writing entry points to my_robot_controller.egg-info/entry_points.txt
[2.180s] writing requirements to my_robot_controller.egg-info/requires.txt
[2.180s] writing top-level names to my_robot_controller.egg-info/top_level.txt
[2.240s] reading manifest file 'my_robot_controller.egg-info/SOURCES.txt'
[2.241s] writing manifest file 'my_robot_controller.egg-info/SOURCES.txt'
[2.272s] running build_ext
[2.272s] Creating /home/oem/repos/Robotics/install/my_robot_controller/lib/python3.10/site-packages/my-robot-controller.egg-link (link to .)
[2.273s] Installing test_node script to /home/oem/repos/Robotics/install/my_robot_controller/lib/my_robot_controller
[2.273s] 
[2.274s] Installed /home/oem/repos/Robotics/build/my_robot_controller
[2.274s] running symlink_data
[2.323s] Invoked command in '/home/oem/repos/Robotics/build/my_robot_controller' returned '0': PYTHONPATH=/home/oem/repos/Robotics/build/my_robot_controller/prefix_override:/home/oem/repos/Robotics/install/my_robot_controller/lib/python3.10/site-packages:${PYTHONPATH} /usr/bin/python3 -W ignore:setup.py install is deprecated setup.py develop --editable --build-directory /home/oem/repos/Robotics/build/my_robot_controller/build --no-deps symlink_data
