[1.367s] Invoking command in '/home/oem/repos/Robotics/build/my_robot_controller': PYTHONPATH=/home/oem/repos/Robotics/build/my_robot_controller/prefix_override:/home/oem/repos/Robotics/install/my_robot_controller/lib/python3.10/site-packages:${PYTHONPATH} /usr/bin/python3 -W ignore:setup.py install is deprecated setup.py develop --editable --build-directory /home/oem/repos/Robotics/build/my_robot_controller/build --no-deps symlink_data
[1.869s] running develop
[1.869s] /home/oem/.local/lib/python3.10/site-packages/setuptools/command/develop.py:40: EasyInstallDeprecationWarning: easy_install command is deprecated.
[1.869s] !!
[1.869s] 
[1.870s]         ********************************************************************************
[1.870s]         Please avoid running ``setup.py`` and ``easy_install``.
[1.870s]         Instead, use pypa/build, pypa/installer or other
[1.870s]         standards-based tools.
[1.870s] 
[1.870s]         See https://github.com/pypa/setuptools/issues/917 for details.
[1.870s]         ********************************************************************************
[1.870s] 
[1.871s] !!
[1.871s]   easy_install.initialize_options(self)
[2.263s] running egg_info
[2.301s] writing my_robot_controller.egg-info/PKG-INFO
[2.302s] writing dependency_links to my_robot_controller.egg-info/dependency_links.txt
[2.302s] writing entry points to my_robot_controller.egg-info/entry_points.txt
[2.302s] writing requirements to my_robot_controller.egg-info/requires.txt
[2.303s] writing top-level names to my_robot_controller.egg-info/top_level.txt
[2.363s] reading manifest file 'my_robot_controller.egg-info/SOURCES.txt'
[2.364s] writing manifest file 'my_robot_controller.egg-info/SOURCES.txt'
[2.394s] running build_ext
[2.394s] Creating /home/oem/repos/Robotics/install/my_robot_controller/lib/python3.10/site-packages/my-robot-controller.egg-link (link to .)
[2.395s] Installing draw_circle script to /home/oem/repos/Robotics/install/my_robot_controller/lib/my_robot_controller
[2.396s] Installing pose_subscriber script to /home/oem/repos/Robotics/install/my_robot_controller/lib/my_robot_controller
[2.396s] Installing test_node script to /home/oem/repos/Robotics/install/my_robot_controller/lib/my_robot_controller
[2.396s] Installing turtle_controller script to /home/oem/repos/Robotics/install/my_robot_controller/lib/my_robot_controller
[2.397s] 
[2.397s] Installed /home/oem/repos/Robotics/build/my_robot_controller
[2.397s] running symlink_data
[2.451s] Invoked command in '/home/oem/repos/Robotics/build/my_robot_controller' returned '0': PYTHONPATH=/home/oem/repos/Robotics/build/my_robot_controller/prefix_override:/home/oem/repos/Robotics/install/my_robot_controller/lib/python3.10/site-packages:${PYTHONPATH} /usr/bin/python3 -W ignore:setup.py install is deprecated setup.py develop --editable --build-directory /home/oem/repos/Robotics/build/my_robot_controller/build --no-deps symlink_data
