[1.395s] Invoking command in '/home/oem/repos/Robotics/build/my_robot_controller': PYTHONPATH=/home/oem/repos/Robotics/build/my_robot_controller/prefix_override:/home/oem/repos/Robotics/install/my_robot_controller/lib/python3.10/site-packages:${PYTHONPATH} /usr/bin/python3 -W ignore:setup.py install is deprecated setup.py develop --editable --build-directory /home/oem/repos/Robotics/build/my_robot_controller/build --no-deps symlink_data
[2.010s] running develop
[2.010s] /home/oem/.local/lib/python3.10/site-packages/setuptools/command/develop.py:40: EasyInstallDeprecationWarning: easy_install command is deprecated.
[2.010s] !!
[2.010s] 
[2.010s]         ********************************************************************************
[2.010s]         Please avoid running ``setup.py`` and ``easy_install``.
[2.011s]         Instead, use pypa/build, pypa/installer or other
[2.011s]         standards-based tools.
[2.011s] 
[2.011s]         See https://github.com/pypa/setuptools/issues/917 for details.
[2.011s]         ********************************************************************************
[2.011s] 
[2.012s] !!
[2.012s]   easy_install.initialize_options(self)
[2.422s] running egg_info
[2.464s] writing my_robot_controller.egg-info/PKG-INFO
[2.470s] writing dependency_links to my_robot_controller.egg-info/dependency_links.txt
[2.479s] writing entry points to my_robot_controller.egg-info/entry_points.txt
[2.489s] writing requirements to my_robot_controller.egg-info/requires.txt
[2.499s] writing top-level names to my_robot_controller.egg-info/top_level.txt
[2.574s] reading manifest file 'my_robot_controller.egg-info/SOURCES.txt'
[2.586s] writing manifest file 'my_robot_controller.egg-info/SOURCES.txt'
[2.619s] running build_ext
[2.620s] Creating /home/oem/repos/Robotics/install/my_robot_controller/lib/python3.10/site-packages/my-robot-controller.egg-link (link to .)
[2.630s] Installing draw_circle script to /home/oem/repos/Robotics/install/my_robot_controller/lib/my_robot_controller
[2.668s] Installing pose_subscriber script to /home/oem/repos/Robotics/install/my_robot_controller/lib/my_robot_controller
[2.668s] Installing test_node script to /home/oem/repos/Robotics/install/my_robot_controller/lib/my_robot_controller
[2.669s] 
[2.669s] Installed /home/oem/repos/Robotics/build/my_robot_controller
[2.669s] running symlink_data
[2.720s] Invoked command in '/home/oem/repos/Robotics/build/my_robot_controller' returned '0': PYTHONPATH=/home/oem/repos/Robotics/build/my_robot_controller/prefix_override:/home/oem/repos/Robotics/install/my_robot_controller/lib/python3.10/site-packages:${PYTHONPATH} /usr/bin/python3 -W ignore:setup.py install is deprecated setup.py develop --editable --build-directory /home/oem/repos/Robotics/build/my_robot_controller/build --no-deps symlink_data
