[1.232s] Invoking command in '/home/oem/repos/Robotics/build/my_robot_controller': PYTHONPATH=/home/oem/repos/Robotics/build/my_robot_controller/prefix_override:/home/oem/repos/Robotics/install/my_robot_controller/lib/python3.10/site-packages:${PYTHONPATH} /usr/bin/python3 -W ignore:setup.py install is deprecated setup.py develop --editable --build-directory /home/oem/repos/Robotics/build/my_robot_controller/build --no-deps symlink_data
[1.747s] running develop
[1.747s] /home/oem/.local/lib/python3.10/site-packages/setuptools/command/develop.py:40: EasyInstallDeprecationWarning: easy_install command is deprecated.
[1.747s] !!
[1.747s] 
[1.748s]         ********************************************************************************
[1.748s]         Please avoid running ``setup.py`` and ``easy_install``.
[1.748s]         Instead, use pypa/build, pypa/installer or other
[1.748s]         standards-based tools.
[1.748s] 
[1.748s]         See https://github.com/pypa/setuptools/issues/917 for details.
[1.748s]         ********************************************************************************
[1.748s] 
[1.749s] !!
[1.749s]   easy_install.initialize_options(self)
[2.150s] running egg_info
[2.191s] writing my_robot_controller.egg-info/PKG-INFO
[2.192s] writing dependency_links to my_robot_controller.egg-info/dependency_links.txt
[2.192s] writing entry points to my_robot_controller.egg-info/entry_points.txt
[2.192s] writing requirements to my_robot_controller.egg-info/requires.txt
[2.193s] writing top-level names to my_robot_controller.egg-info/top_level.txt
[2.253s] reading manifest file 'my_robot_controller.egg-info/SOURCES.txt'
[2.254s] writing manifest file 'my_robot_controller.egg-info/SOURCES.txt'
[2.285s] running build_ext
[2.285s] Creating /home/oem/repos/Robotics/install/my_robot_controller/lib/python3.10/site-packages/my-robot-controller.egg-link (link to .)
[2.286s] Installing test_node script to /home/oem/repos/Robotics/install/my_robot_controller/lib/my_robot_controller
[2.287s] 
[2.287s] Installed /home/oem/repos/Robotics/build/my_robot_controller
[2.287s] running symlink_data
[2.340s] Invoked command in '/home/oem/repos/Robotics/build/my_robot_controller' returned '0': PYTHONPATH=/home/oem/repos/Robotics/build/my_robot_controller/prefix_override:/home/oem/repos/Robotics/install/my_robot_controller/lib/python3.10/site-packages:${PYTHONPATH} /usr/bin/python3 -W ignore:setup.py install is deprecated setup.py develop --editable --build-directory /home/oem/repos/Robotics/build/my_robot_controller/build --no-deps symlink_data
