[1.215s] Invoking command in '/home/oem/repos/Robotics/build/my_robot_controller': PYTHONPATH=/home/oem/repos/Robotics/build/my_robot_controller/prefix_override:/home/oem/repos/Robotics/install/my_robot_controller/lib/python3.10/site-packages:${PYTHONPATH} /usr/bin/python3 -W ignore:setup.py install is deprecated setup.py develop --editable --build-directory /home/oem/repos/Robotics/build/my_robot_controller/build --no-deps symlink_data
[1.713s] running develop
[1.713s] /home/oem/.local/lib/python3.10/site-packages/setuptools/command/develop.py:40: EasyInstallDeprecationWarning: easy_install command is deprecated.
[1.713s] !!
[1.713s] 
[1.713s]         ********************************************************************************
[1.714s]         Please avoid running ``setup.py`` and ``easy_install``.
[1.714s]         Instead, use pypa/build, pypa/installer or other
[1.714s]         standards-based tools.
[1.714s] 
[1.714s]         See https://github.com/pypa/setuptools/issues/917 for details.
[1.714s]         ********************************************************************************
[1.714s] 
[1.714s] !!
[1.714s]   easy_install.initialize_options(self)
[2.106s] running egg_info
[2.146s] writing my_robot_controller.egg-info/PKG-INFO
[2.147s] writing dependency_links to my_robot_controller.egg-info/dependency_links.txt
[2.147s] writing entry points to my_robot_controller.egg-info/entry_points.txt
[2.147s] writing requirements to my_robot_controller.egg-info/requires.txt
[2.148s] writing top-level names to my_robot_controller.egg-info/top_level.txt
[2.209s] reading manifest file 'my_robot_controller.egg-info/SOURCES.txt'
[2.210s] writing manifest file 'my_robot_controller.egg-info/SOURCES.txt'
[2.241s] running build_ext
[2.241s] Creating /home/oem/repos/Robotics/install/my_robot_controller/lib/python3.10/site-packages/my-robot-controller.egg-link (link to .)
[2.242s] Installing draw_circle script to /home/oem/repos/Robotics/install/my_robot_controller/lib/my_robot_controller
[2.242s] Installing pose_subscriber script to /home/oem/repos/Robotics/install/my_robot_controller/lib/my_robot_controller
[2.242s] Installing test_node script to /home/oem/repos/Robotics/install/my_robot_controller/lib/my_robot_controller
[2.243s] 
[2.243s] Installed /home/oem/repos/Robotics/build/my_robot_controller
[2.243s] running symlink_data
[2.292s] Invoked command in '/home/oem/repos/Robotics/build/my_robot_controller' returned '0': PYTHONPATH=/home/oem/repos/Robotics/build/my_robot_controller/prefix_override:/home/oem/repos/Robotics/install/my_robot_controller/lib/python3.10/site-packages:${PYTHONPATH} /usr/bin/python3 -W ignore:setup.py install is deprecated setup.py develop --editable --build-directory /home/oem/repos/Robotics/build/my_robot_controller/build --no-deps symlink_data
