[1.271s] Invoking command in '/home/oem/repos/Robotics/src/build/my_robot_controller': PYTHONPATH=/home/oem/repos/Robotics/src/build/my_robot_controller/prefix_override:/home/oem/repos/Robotics/src/install/my_robot_controller/lib/python3.10/site-packages:${PYTHONPATH} /usr/bin/python3 -W ignore:setup.py install is deprecated setup.py develop --editable --build-directory /home/oem/repos/Robotics/src/build/my_robot_controller/build --no-deps symlink_data
[1.784s] running develop
[1.785s] /home/oem/.local/lib/python3.10/site-packages/setuptools/command/develop.py:40: EasyInstallDeprecationWarning: easy_install command is deprecated.
[1.785s] !!
[1.785s] 
[1.785s]         ********************************************************************************
[1.785s]         Please avoid running ``setup.py`` and ``easy_install``.
[1.785s]         Instead, use pypa/build, pypa/installer or other
[1.785s]         standards-based tools.
[1.786s] 
[1.786s]         See https://github.com/pypa/setuptools/issues/917 for details.
[1.786s]         ********************************************************************************
[1.786s] 
[1.786s] !!
[1.786s]   easy_install.initialize_options(self)
[2.196s] running egg_info
[2.237s] writing my_robot_controller.egg-info/PKG-INFO
[2.238s] writing dependency_links to my_robot_controller.egg-info/dependency_links.txt
[2.238s] writing entry points to my_robot_controller.egg-info/entry_points.txt
[2.239s] writing requirements to my_robot_controller.egg-info/requires.txt
[2.239s] writing top-level names to my_robot_controller.egg-info/top_level.txt
[2.299s] reading manifest file 'my_robot_controller.egg-info/SOURCES.txt'
[2.301s] writing manifest file 'my_robot_controller.egg-info/SOURCES.txt'
[2.332s] running build_ext
[2.332s] Creating /home/oem/repos/Robotics/src/install/my_robot_controller/lib/python3.10/site-packages/my-robot-controller.egg-link (link to .)
[2.334s] Installing draw_circle script to /home/oem/repos/Robotics/src/install/my_robot_controller/lib/my_robot_controller
[2.334s] Installing pose_subscriber script to /home/oem/repos/Robotics/src/install/my_robot_controller/lib/my_robot_controller
[2.334s] Installing test_node script to /home/oem/repos/Robotics/src/install/my_robot_controller/lib/my_robot_controller
[2.335s] 
[2.335s] Installed /home/oem/repos/Robotics/src/build/my_robot_controller
[2.335s] running symlink_data
[2.387s] Invoked command in '/home/oem/repos/Robotics/src/build/my_robot_controller' returned '0': PYTHONPATH=/home/oem/repos/Robotics/src/build/my_robot_controller/prefix_override:/home/oem/repos/Robotics/src/install/my_robot_controller/lib/python3.10/site-packages:${PYTHONPATH} /usr/bin/python3 -W ignore:setup.py install is deprecated setup.py develop --editable --build-directory /home/oem/repos/Robotics/src/build/my_robot_controller/build --no-deps symlink_data
