[1.677s] Invoking command in '/home/oem/repos/Robotics/src/my_robot_controller': PYTHONPATH=/home/oem/repos/Robotics/build/my_robot_controller/prefix_override:/home/oem/repos/Robotics/install/my_robot_controller/lib/python3.10/site-packages:${PYTHONPATH} /usr/bin/python3 -W ignore:setup.py install is deprecated setup.py egg_info --egg-base ../../build/my_robot_controller build --build-base /home/oem/repos/Robotics/build/my_robot_controller/build install --record /home/oem/repos/Robotics/build/my_robot_controller/install.log --single-version-externally-managed install_data
[2.042s] running egg_info
[2.043s] creating ../../build/my_robot_controller/my_robot_controller.egg-info
[2.072s] writing ../../build/my_robot_controller/my_robot_controller.egg-info/PKG-INFO
[2.072s] writing dependency_links to ../../build/my_robot_controller/my_robot_controller.egg-info/dependency_links.txt
[2.073s] writing requirements to ../../build/my_robot_controller/my_robot_controller.egg-info/requires.txt
[2.073s] writing top-level names to ../../build/my_robot_controller/my_robot_controller.egg-info/top_level.txt
[2.073s] writing manifest file '../../build/my_robot_controller/my_robot_controller.egg-info/SOURCES.txt'
[2.134s] reading manifest file '../../build/my_robot_controller/my_robot_controller.egg-info/SOURCES.txt'
[2.135s] writing manifest file '../../build/my_robot_controller/my_robot_controller.egg-info/SOURCES.txt'
[2.135s] running build
[2.135s] running build_py
[2.135s] creating /home/oem/repos/Robotics/build/my_robot_controller/build
[2.136s] creating /home/oem/repos/Robotics/build/my_robot_controller/build/lib
[2.136s] creating /home/oem/repos/Robotics/build/my_robot_controller/build/lib/my_robot_controller
[2.136s] copying my_robot_controller/__init__.py -> /home/oem/repos/Robotics/build/my_robot_controller/build/lib/my_robot_controller
[2.136s] running install
[2.144s] running install_lib
[2.174s] creating /home/oem/repos/Robotics/install/my_robot_controller/lib/python3.10/site-packages/my_robot_controller
[2.174s] copying /home/oem/repos/Robotics/build/my_robot_controller/build/lib/my_robot_controller/__init__.py -> /home/oem/repos/Robotics/install/my_robot_controller/lib/python3.10/site-packages/my_robot_controller
[2.175s] byte-compiling /home/oem/repos/Robotics/install/my_robot_controller/lib/python3.10/site-packages/my_robot_controller/__init__.py to __init__.cpython-310.pyc
[2.175s] running install_data
[2.175s] creating /home/oem/repos/Robotics/install/my_robot_controller/share/ament_index
[2.176s] creating /home/oem/repos/Robotics/install/my_robot_controller/share/ament_index/resource_index
[2.176s] creating /home/oem/repos/Robotics/install/my_robot_controller/share/ament_index/resource_index/packages
[2.176s] copying resource/my_robot_controller -> /home/oem/repos/Robotics/install/my_robot_controller/share/ament_index/resource_index/packages
[2.176s] copying package.xml -> /home/oem/repos/Robotics/install/my_robot_controller/share/my_robot_controller
[2.176s] running install_egg_info
[2.208s] Copying ../../build/my_robot_controller/my_robot_controller.egg-info to /home/oem/repos/Robotics/install/my_robot_controller/lib/python3.10/site-packages/my_robot_controller-0.0.0-py3.10.egg-info
[2.209s] running install_scripts
[2.462s] writing list of installed files to '/home/oem/repos/Robotics/build/my_robot_controller/install.log'
[2.496s] Invoked command in '/home/oem/repos/Robotics/src/my_robot_controller' returned '0': PYTHONPATH=/home/oem/repos/Robotics/build/my_robot_controller/prefix_override:/home/oem/repos/Robotics/install/my_robot_controller/lib/python3.10/site-packages:${PYTHONPATH} /usr/bin/python3 -W ignore:setup.py install is deprecated setup.py egg_info --egg-base ../../build/my_robot_controller build --build-base /home/oem/repos/Robotics/build/my_robot_controller/build install --record /home/oem/repos/Robotics/build/my_robot_controller/install.log --single-version-externally-managed install_data
