[0.138s] DEBUG:colcon:Command line arguments: ['/usr/bin/colcon', 'build', '--symlink-install']
[0.138s] DEBUG:colcon:Parsed command line arguments: Namespace(log_base=None, log_level=None, verb_name='build', build_base='build', install_base='install', merge_install=False, symlink_install=True, test_result_base=None, continue_on_error=False, executor='parallel', parallel_workers=4, event_handlers=None, ignore_user_meta=False, metas=['./colcon.meta'], base_paths=['.'], packages_ignore=None, packages_ignore_regex=None, paths=None, packages_up_to=None, packages_up_to_regex=None, packages_above=None, packages_above_and_dependencies=None, packages_above_depth=None, packages_select_by_dep=None, packages_skip_by_dep=None, packages_skip_up_to=None, packages_select_build_failed=False, packages_skip_build_finished=False, packages_select_test_failures=False, packages_skip_test_passed=False, packages_select=None, packages_skip=None, packages_select_regex=None, packages_skip_regex=None, packages_start=None, packages_end=None, allow_overriding=[], cmake_args=None, cmake_target=None, cmake_target_skip_unavailable=False, cmake_clean_cache=False, cmake_clean_first=False, cmake_force_configure=False, ament_cmake_args=None, catkin_cmake_args=None, catkin_skip_building_tests=False, verb_parser=<colcon_defaults.argument_parser.defaults.DefaultArgumentsDecorator object at 0x77b6fe77cdc0>, verb_extension=<colcon_core.verb.build.BuildVerb object at 0x77b6fe8759c0>, main=<bound method BuildVerb.main of <colcon_core.verb.build.BuildVerb object at 0x77b6fe8759c0>>)
[0.184s] Level 1:colcon.colcon_core.package_discovery:discover_packages(colcon_meta) check parameters
[0.184s] Level 1:colcon.colcon_core.package_discovery:discover_packages(recursive) check parameters
[0.184s] Level 1:colcon.colcon_core.package_discovery:discover_packages(ignore) check parameters
[0.184s] Level 1:colcon.colcon_core.package_discovery:discover_packages(path) check parameters
[0.184s] Level 1:colcon.colcon_core.package_discovery:discover_packages(colcon_meta) discover
[0.184s] Level 1:colcon.colcon_core.package_discovery:discover_packages(recursive) discover
[0.184s] INFO:colcon.colcon_core.package_discovery:Crawling recursively for packages in '/home/oem/repos/Robotics'
[0.184s] Level 1:colcon.colcon_core.package_identification:_identify(.) by extensions ['ignore', 'ignore_ament_install']
[0.184s] Level 1:colcon.colcon_core.package_identification:_identify(.) by extension 'ignore'
[0.185s] Level 1:colcon.colcon_core.package_identification:_identify(.) by extension 'ignore_ament_install'
[0.185s] Level 1:colcon.colcon_core.package_identification:_identify(.) by extensions ['colcon_pkg']
[0.185s] Level 1:colcon.colcon_core.package_identification:_identify(.) by extension 'colcon_pkg'
[0.185s] Level 1:colcon.colcon_core.package_identification:_identify(.) by extensions ['colcon_meta']
[0.185s] Level 1:colcon.colcon_core.package_identification:_identify(.) by extension 'colcon_meta'
[0.185s] Level 1:colcon.colcon_core.package_identification:_identify(.) by extensions ['ros']
[0.185s] Level 1:colcon.colcon_core.package_identification:_identify(.) by extension 'ros'
[0.202s] Level 1:colcon.colcon_core.package_identification:_identify(.) by extensions ['cmake', 'python']
[0.202s] Level 1:colcon.colcon_core.package_identification:_identify(.) by extension 'cmake'
[0.203s] Level 1:colcon.colcon_core.package_identification:_identify(.) by extension 'python'
[0.203s] Level 1:colcon.colcon_core.package_identification:_identify(.) by extensions ['python_setup_py']
[0.203s] Level 1:colcon.colcon_core.package_identification:_identify(.) by extension 'python_setup_py'
[0.203s] Level 1:colcon.colcon_core.package_identification:_identify(build) by extensions ['ignore', 'ignore_ament_install']
[0.203s] Level 1:colcon.colcon_core.package_identification:_identify(build) by extension 'ignore'
[0.203s] Level 1:colcon.colcon_core.package_identification:_identify(build) ignored
[0.203s] Level 1:colcon.colcon_core.package_identification:_identify(install) by extensions ['ignore', 'ignore_ament_install']
[0.203s] Level 1:colcon.colcon_core.package_identification:_identify(install) by extension 'ignore'
[0.204s] Level 1:colcon.colcon_core.package_identification:_identify(install) ignored
[0.204s] Level 1:colcon.colcon_core.package_identification:_identify(log) by extensions ['ignore', 'ignore_ament_install']
[0.204s] Level 1:colcon.colcon_core.package_identification:_identify(log) by extension 'ignore'
[0.204s] Level 1:colcon.colcon_core.package_identification:_identify(log) ignored
[0.204s] Level 1:colcon.colcon_core.package_identification:_identify(src) by extensions ['ignore', 'ignore_ament_install']
[0.204s] Level 1:colcon.colcon_core.package_identification:_identify(src) by extension 'ignore'
[0.204s] Level 1:colcon.colcon_core.package_identification:_identify(src) by extension 'ignore_ament_install'
[0.204s] Level 1:colcon.colcon_core.package_identification:_identify(src) by extensions ['colcon_pkg']
[0.204s] Level 1:colcon.colcon_core.package_identification:_identify(src) by extension 'colcon_pkg'
[0.204s] Level 1:colcon.colcon_core.package_identification:_identify(src) by extensions ['colcon_meta']
[0.204s] Level 1:colcon.colcon_core.package_identification:_identify(src) by extension 'colcon_meta'
[0.204s] Level 1:colcon.colcon_core.package_identification:_identify(src) by extensions ['ros']
[0.205s] Level 1:colcon.colcon_core.package_identification:_identify(src) by extension 'ros'
[0.205s] Level 1:colcon.colcon_core.package_identification:_identify(src) by extensions ['cmake', 'python']
[0.205s] Level 1:colcon.colcon_core.package_identification:_identify(src) by extension 'cmake'
[0.205s] Level 1:colcon.colcon_core.package_identification:_identify(src) by extension 'python'
[0.205s] Level 1:colcon.colcon_core.package_identification:_identify(src) by extensions ['python_setup_py']
[0.205s] Level 1:colcon.colcon_core.package_identification:_identify(src) by extension 'python_setup_py'
[0.205s] Level 1:colcon.colcon_core.package_identification:_identify(src/build) by extensions ['ignore', 'ignore_ament_install']
[0.205s] Level 1:colcon.colcon_core.package_identification:_identify(src/build) by extension 'ignore'
[0.205s] Level 1:colcon.colcon_core.package_identification:_identify(src/build) ignored
[0.205s] Level 1:colcon.colcon_core.package_identification:_identify(src/install) by extensions ['ignore', 'ignore_ament_install']
[0.205s] Level 1:colcon.colcon_core.package_identification:_identify(src/install) by extension 'ignore'
[0.205s] Level 1:colcon.colcon_core.package_identification:_identify(src/install) ignored
[0.206s] Level 1:colcon.colcon_core.package_identification:_identify(src/log) by extensions ['ignore', 'ignore_ament_install']
[0.206s] Level 1:colcon.colcon_core.package_identification:_identify(src/log) by extension 'ignore'
[0.206s] Level 1:colcon.colcon_core.package_identification:_identify(src/log) ignored
[0.206s] Level 1:colcon.colcon_core.package_identification:_identify(src/my_robot_controller) by extensions ['ignore', 'ignore_ament_install']
[0.206s] Level 1:colcon.colcon_core.package_identification:_identify(src/my_robot_controller) by extension 'ignore'
[0.206s] Level 1:colcon.colcon_core.package_identification:_identify(src/my_robot_controller) by extension 'ignore_ament_install'
[0.206s] Level 1:colcon.colcon_core.package_identification:_identify(src/my_robot_controller) by extensions ['colcon_pkg']
[0.206s] Level 1:colcon.colcon_core.package_identification:_identify(src/my_robot_controller) by extension 'colcon_pkg'
[0.206s] Level 1:colcon.colcon_core.package_identification:_identify(src/my_robot_controller) by extensions ['colcon_meta']
[0.206s] Level 1:colcon.colcon_core.package_identification:_identify(src/my_robot_controller) by extension 'colcon_meta'
[0.206s] Level 1:colcon.colcon_core.package_identification:_identify(src/my_robot_controller) by extensions ['ros']
[0.206s] Level 1:colcon.colcon_core.package_identification:_identify(src/my_robot_controller) by extension 'ros'
[0.210s] DEBUG:colcon.colcon_core.package_identification:Package 'src/my_robot_controller' with type 'ros.ament_python' and name 'my_robot_controller'
[0.210s] Level 1:colcon.colcon_core.package_discovery:discover_packages(recursive) using defaults
[0.210s] Level 1:colcon.colcon_core.package_discovery:discover_packages(ignore) discover
[0.210s] Level 1:colcon.colcon_core.package_discovery:discover_packages(ignore) using defaults
[0.210s] Level 1:colcon.colcon_core.package_discovery:discover_packages(path) discover
[0.210s] Level 1:colcon.colcon_core.package_discovery:discover_packages(path) using defaults
[0.234s] Level 1:colcon.colcon_core.package_discovery:discover_packages(prefix_path) check parameters
[0.234s] Level 1:colcon.colcon_core.package_discovery:discover_packages(prefix_path) discover
[0.236s] DEBUG:colcon.colcon_installed_package_information.package_discovery:Found 1 installed packages in /home/oem/repos/Robotics/install
[0.237s] DEBUG:colcon.colcon_installed_package_information.package_discovery:Found 1 installed packages in /home/oem/turtlebot3_ws/install
[0.239s] DEBUG:colcon.colcon_installed_package_information.package_discovery:Found 398 installed packages in /opt/ros/humble
[0.242s] DEBUG:colcon.colcon_installed_package_information.package_discovery:Found 65 installed packages in /opt/ros/iron
[0.245s] Level 1:colcon.colcon_core.package_discovery:discover_packages(prefix_path) using defaults
[0.320s] Level 5:colcon.colcon_core.verb:set package 'my_robot_controller' build argument 'cmake_args' from command line to 'None'
[0.320s] Level 5:colcon.colcon_core.verb:set package 'my_robot_controller' build argument 'cmake_target' from command line to 'None'
[0.320s] Level 5:colcon.colcon_core.verb:set package 'my_robot_controller' build argument 'cmake_target_skip_unavailable' from command line to 'False'
[0.321s] Level 5:colcon.colcon_core.verb:set package 'my_robot_controller' build argument 'cmake_clean_cache' from command line to 'False'
[0.321s] Level 5:colcon.colcon_core.verb:set package 'my_robot_controller' build argument 'cmake_clean_first' from command line to 'False'
[0.321s] Level 5:colcon.colcon_core.verb:set package 'my_robot_controller' build argument 'cmake_force_configure' from command line to 'False'
[0.321s] Level 5:colcon.colcon_core.verb:set package 'my_robot_controller' build argument 'ament_cmake_args' from command line to 'None'
[0.321s] Level 5:colcon.colcon_core.verb:set package 'my_robot_controller' build argument 'catkin_cmake_args' from command line to 'None'
[0.321s] Level 5:colcon.colcon_core.verb:set package 'my_robot_controller' build argument 'catkin_skip_building_tests' from command line to 'False'
[0.321s] DEBUG:colcon.colcon_core.verb:Building package 'my_robot_controller' with the following arguments: {'ament_cmake_args': None, 'build_base': '/home/oem/repos/Robotics/build/my_robot_controller', 'catkin_cmake_args': None, 'catkin_skip_building_tests': False, 'cmake_args': None, 'cmake_clean_cache': False, 'cmake_clean_first': False, 'cmake_force_configure': False, 'cmake_target': None, 'cmake_target_skip_unavailable': False, 'install_base': '/home/oem/repos/Robotics/install/my_robot_controller', 'merge_install': False, 'path': '/home/oem/repos/Robotics/src/my_robot_controller', 'symlink_install': True, 'test_result_base': None}
[0.321s] INFO:colcon.colcon_core.executor:Executing jobs using 'parallel' executor
[0.322s] DEBUG:colcon.colcon_parallel_executor.executor.parallel:run_until_complete
[0.322s] INFO:colcon.colcon_ros.task.ament_python.build:Building ROS package in '/home/oem/repos/Robotics/src/my_robot_controller' with build type 'ament_python'
[0.323s] Level 1:colcon.colcon_core.shell:create_environment_hook('my_robot_controller', 'ament_prefix_path')
[0.325s] INFO:colcon.colcon_core.plugin_system:Skipping extension 'colcon_core.shell.bat': Not used on non-Windows systems
[0.326s] INFO:colcon.colcon_core.shell:Creating environment hook '/home/oem/repos/Robotics/install/my_robot_controller/share/my_robot_controller/hook/ament_prefix_path.ps1'
[0.326s] INFO:colcon.colcon_core.shell:Creating environment descriptor '/home/oem/repos/Robotics/install/my_robot_controller/share/my_robot_controller/hook/ament_prefix_path.dsv'
[0.327s] INFO:colcon.colcon_core.shell:Creating environment hook '/home/oem/repos/Robotics/install/my_robot_controller/share/my_robot_controller/hook/ament_prefix_path.sh'
[0.328s] INFO:colcon.colcon_core.shell:Skip shell extension 'powershell' for command environment: Not usable outside of PowerShell
[0.328s] DEBUG:colcon.colcon_core.shell:Skip shell extension 'dsv' for command environment
[0.621s] INFO:colcon.colcon_core.task.python.build:Building Python package in '/home/oem/repos/Robotics/src/my_robot_controller'
[0.621s] INFO:colcon.colcon_core.shell:Skip shell extension 'powershell' for command environment: Not usable outside of PowerShell
[0.622s] DEBUG:colcon.colcon_core.shell:Skip shell extension 'dsv' for command environment
[1.595s] DEBUG:colcon.colcon_core.task.python.build:While undoing a previous installation files outside the Python library path are being ignored: /home/oem/repos/Robotics/install/my_robot_controller/share/ament_index/resource_index/packages/my_robot_controller
[1.596s] DEBUG:colcon.colcon_core.task.python.build:While undoing a previous installation files outside the Python library path are being ignored: /home/oem/repos/Robotics/install/my_robot_controller/share/my_robot_controller/package.xml
[1.596s] DEBUG:colcon.colcon_core.task.python.build:While undoing a previous installation files outside the Python library path are being ignored: /home/oem/repos/Robotics/install/my_robot_controller/lib/my_robot_controller/draw_circle
[1.596s] DEBUG:colcon.colcon_core.task.python.build:While undoing a previous installation files outside the Python library path are being ignored: /home/oem/repos/Robotics/install/my_robot_controller/lib/my_robot_controller/test_node
[1.598s] DEBUG:colcon.colcon_core.event_handler.log_command:Invoking command in '/home/oem/repos/Robotics/build/my_robot_controller': PYTHONPATH=/home/oem/repos/Robotics/build/my_robot_controller/prefix_override:/home/oem/repos/Robotics/install/my_robot_controller/lib/python3.10/site-packages:${PYTHONPATH} /usr/bin/python3 -W ignore:setup.py install is deprecated setup.py develop --editable --build-directory /home/oem/repos/Robotics/build/my_robot_controller/build --no-deps symlink_data --force
[2.694s] Level 1:colcon.colcon_core.shell:create_environment_hook('my_robot_controller', 'pythonpath_develop')
[2.695s] INFO:colcon.colcon_core.shell:Creating environment hook '/home/oem/repos/Robotics/build/my_robot_controller/share/my_robot_controller/hook/pythonpath_develop.ps1'
[2.695s] DEBUG:colcon.colcon_core.event_handler.log_command:Invoked command in '/home/oem/repos/Robotics/build/my_robot_controller' returned '0': PYTHONPATH=/home/oem/repos/Robotics/build/my_robot_controller/prefix_override:/home/oem/repos/Robotics/install/my_robot_controller/lib/python3.10/site-packages:${PYTHONPATH} /usr/bin/python3 -W ignore:setup.py install is deprecated setup.py develop --editable --build-directory /home/oem/repos/Robotics/build/my_robot_controller/build --no-deps symlink_data --force
[2.696s] INFO:colcon.colcon_core.shell:Creating environment descriptor '/home/oem/repos/Robotics/build/my_robot_controller/share/my_robot_controller/hook/pythonpath_develop.dsv'
[2.696s] INFO:colcon.colcon_core.shell:Creating environment hook '/home/oem/repos/Robotics/build/my_robot_controller/share/my_robot_controller/hook/pythonpath_develop.sh'
[2.699s] Level 1:colcon.colcon_core.environment:checking '/home/oem/repos/Robotics/install/my_robot_controller' for CMake module files
[2.700s] Level 1:colcon.colcon_core.environment:checking '/home/oem/repos/Robotics/install/my_robot_controller' for CMake config files
[2.700s] Level 1:colcon.colcon_core.environment:checking '/home/oem/repos/Robotics/install/my_robot_controller/lib'
[2.701s] Level 1:colcon.colcon_core.environment:checking '/home/oem/repos/Robotics/install/my_robot_controller/bin'
[2.701s] Level 1:colcon.colcon_core.environment:checking '/home/oem/repos/Robotics/install/my_robot_controller/lib/pkgconfig/my_robot_controller.pc'
[2.701s] Level 1:colcon.colcon_core.environment:checking '/home/oem/repos/Robotics/install/my_robot_controller/lib/python3.10/site-packages'
[2.701s] Level 1:colcon.colcon_core.shell:create_environment_hook('my_robot_controller', 'pythonpath')
[2.701s] INFO:colcon.colcon_core.shell:Creating environment hook '/home/oem/repos/Robotics/install/my_robot_controller/share/my_robot_controller/hook/pythonpath.ps1'
[2.702s] INFO:colcon.colcon_core.shell:Creating environment descriptor '/home/oem/repos/Robotics/install/my_robot_controller/share/my_robot_controller/hook/pythonpath.dsv'
[2.702s] INFO:colcon.colcon_core.shell:Creating environment hook '/home/oem/repos/Robotics/install/my_robot_controller/share/my_robot_controller/hook/pythonpath.sh'
[2.703s] Level 1:colcon.colcon_core.environment:checking '/home/oem/repos/Robotics/install/my_robot_controller/bin'
[2.703s] Level 1:colcon.colcon_core.environment:create_environment_scripts_only(my_robot_controller)
[2.703s] INFO:colcon.colcon_core.shell:Creating package script '/home/oem/repos/Robotics/install/my_robot_controller/share/my_robot_controller/package.ps1'
[2.704s] INFO:colcon.colcon_core.shell:Creating package descriptor '/home/oem/repos/Robotics/install/my_robot_controller/share/my_robot_controller/package.dsv'
[2.705s] INFO:colcon.colcon_core.shell:Creating package script '/home/oem/repos/Robotics/install/my_robot_controller/share/my_robot_controller/package.sh'
[2.706s] INFO:colcon.colcon_core.shell:Creating package script '/home/oem/repos/Robotics/install/my_robot_controller/share/my_robot_controller/package.bash'
[2.707s] INFO:colcon.colcon_core.shell:Creating package script '/home/oem/repos/Robotics/install/my_robot_controller/share/my_robot_controller/package.zsh'
[2.708s] Level 1:colcon.colcon_core.environment:create_file_with_runtime_dependencies(/home/oem/repos/Robotics/install/my_robot_controller/share/colcon-core/packages/my_robot_controller)
[2.708s] DEBUG:colcon.colcon_parallel_executor.executor.parallel:closing loop
[2.708s] DEBUG:colcon.colcon_parallel_executor.executor.parallel:loop closed
[2.708s] DEBUG:colcon.colcon_parallel_executor.executor.parallel:run_until_complete finished with '0'
[2.709s] DEBUG:colcon.colcon_core.event_reactor:joining thread
[2.715s] INFO:colcon.colcon_core.plugin_system:Skipping extension 'colcon_notification.desktop_notification.terminal_notifier': Not used on non-Darwin systems
[2.715s] INFO:colcon.colcon_core.plugin_system:Skipping extension 'colcon_notification.desktop_notification.win32': Not used on non-Windows systems
[2.715s] INFO:colcon.colcon_notification.desktop_notification:Sending desktop notification using 'notify2'
[2.728s] DEBUG:colcon.colcon_core.event_reactor:joined thread
[2.729s] INFO:colcon.colcon_core.shell:Creating prefix script '/home/oem/repos/Robotics/install/local_setup.ps1'
[2.730s] INFO:colcon.colcon_core.shell:Creating prefix util module '/home/oem/repos/Robotics/install/_local_setup_util_ps1.py'
[2.732s] INFO:colcon.colcon_core.shell:Creating prefix chain script '/home/oem/repos/Robotics/install/setup.ps1'
[2.733s] INFO:colcon.colcon_core.shell:Creating prefix script '/home/oem/repos/Robotics/install/local_setup.sh'
[2.735s] INFO:colcon.colcon_core.shell:Creating prefix util module '/home/oem/repos/Robotics/install/_local_setup_util_sh.py'
[2.735s] INFO:colcon.colcon_core.shell:Creating prefix chain script '/home/oem/repos/Robotics/install/setup.sh'
[2.737s] INFO:colcon.colcon_core.shell:Creating prefix script '/home/oem/repos/Robotics/install/local_setup.bash'
[2.738s] INFO:colcon.colcon_core.shell:Creating prefix chain script '/home/oem/repos/Robotics/install/setup.bash'
[2.739s] INFO:colcon.colcon_core.shell:Creating prefix script '/home/oem/repos/Robotics/install/local_setup.zsh'
[2.740s] INFO:colcon.colcon_core.shell:Creating prefix chain script '/home/oem/repos/Robotics/install/setup.zsh'
